<?xml version="1.0" encoding="UTF-8" ?>
<testsuite failures="0" time="0.058" errors="0" skipped="0" tests="3" name="FileDirectoryFormServer.RequestHandlers.DirectoryTest">
  <properties>
    <property name="java.runtime.name" value="Java(TM) SE Runtime Environment"/>
    <property name="sun.boot.library.path" value="/System/Library/Java/JavaVirtualMachines/1.6.0.jdk/Contents/Libraries"/>
    <property name="java.vm.version" value="20.4-b02-402"/>
    <property name="awt.nativeDoubleBuffering" value="true"/>
    <property name="gopherProxySet" value="false"/>
    <property name="mrj.build" value="11M3527"/>
    <property name="java.vm.vendor" value="Apple Inc."/>
    <property name="java.vendor.url" value="http://www.apple.com/"/>
    <property name="path.separator" value=":"/>
    <property name="java.vm.name" value="Java HotSpot(TM) 64-Bit Server VM"/>
    <property name="file.encoding.pkg" value="sun.io"/>
    <property name="user.country" value="US"/>
    <property name="sun.java.launcher" value="SUN_STANDARD"/>
    <property name="sun.os.patch.level" value="unknown"/>
    <property name="java.vm.specification.name" value="Java Virtual Machine Specification"/>
    <property name="user.dir" value="/Users/mylesmegyesi/Development/file-directory-form-server"/>
    <property name="java.runtime.version" value="1.6.0_29-b11-402-11M3527"/>
    <property name="java.awt.graphicsenv" value="apple.awt.CGraphicsEnvironment"/>
    <property name="basedir" value="/Users/mylesmegyesi/Development/file-directory-form-server"/>
    <property name="java.endorsed.dirs" value="/System/Library/Java/JavaVirtualMachines/1.6.0.jdk/Contents/Home/lib/endorsed"/>
    <property name="os.arch" value="x86_64"/>
    <property name="surefire.real.class.path" value="/Users/mylesmegyesi/Development/file-directory-form-server/target/surefire/surefirebooter675612320891524086.jar"/>
    <property name="java.io.tmpdir" value="/var/folders/bb/gb_7fn957rzbx7zjx_l81_p80000gn/T/"/>
    <property name="line.separator" value="
"/>
    <property name="java.vm.specification.vendor" value="Sun Microsystems Inc."/>
    <property name="os.name" value="Mac OS X"/>
    <property name="sun.jnu.encoding" value="MacRoman"/>
    <property name="java.library.path" value=".:/Library/Java/Extensions:/System/Library/Java/Extensions:/usr/lib/java"/>
    <property name="surefire.test.class.path" value="/Users/mylesmegyesi/Development/file-directory-form-server/target/test-classes:/Users/mylesmegyesi/Development/file-directory-form-server/target/classes:/Users/mylesmegyesi/.m2/repository/junit/junit/4.8.2/junit-4.8.2.jar:/Users/mylesmegyesi/.m2/repository/org/clojars/mylesmegyesi/http-server/0.6-SNAPSHOT/http-server-0.6-SNAPSHOT.jar:/Users/mylesmegyesi/.m2/repository/org/clojars/mylesmegyesi/socket-server/0.6-SNAPSHOT/socket-server-0.6-SNAPSHOT.jar:/Users/mylesmegyesi/.m2/repository/org/clojars/mylesmegyesi/http-request-parser/0.1-SNAPSHOT/http-request-parser-0.1-SNAPSHOT.jar:"/>
    <property name="java.specification.name" value="Java Platform API Specification"/>
    <property name="java.class.version" value="50.0"/>
    <property name="sun.management.compiler" value="HotSpot 64-Bit Tiered Compilers"/>
    <property name="os.version" value="10.7.2"/>
    <property name="http.nonProxyHosts" value="local|*.local|169.254/16|*.169.254/16"/>
    <property name="user.home" value="/Users/mylesmegyesi"/>
    <property name="user.timezone" value=""/>
    <property name="java.awt.printerjob" value="apple.awt.CPrinterJob"/>
    <property name="java.specification.version" value="1.6"/>
    <property name="file.encoding" value="MacRoman"/>
    <property name="user.name" value="mylesmegyesi"/>
    <property name="java.class.path" value="/Users/mylesmegyesi/Development/file-directory-form-server/target/test-classes:/Users/mylesmegyesi/Development/file-directory-form-server/target/classes:/Users/mylesmegyesi/.m2/repository/junit/junit/4.8.2/junit-4.8.2.jar:/Users/mylesmegyesi/.m2/repository/org/clojars/mylesmegyesi/http-server/0.6-SNAPSHOT/http-server-0.6-SNAPSHOT.jar:/Users/mylesmegyesi/.m2/repository/org/clojars/mylesmegyesi/socket-server/0.6-SNAPSHOT/socket-server-0.6-SNAPSHOT.jar:/Users/mylesmegyesi/.m2/repository/org/clojars/mylesmegyesi/http-request-parser/0.1-SNAPSHOT/http-request-parser-0.1-SNAPSHOT.jar:"/>
    <property name="java.vm.specification.version" value="1.0"/>
    <property name="sun.arch.data.model" value="64"/>
    <property name="java.home" value="/System/Library/Java/JavaVirtualMachines/1.6.0.jdk/Contents/Home"/>
    <property name="sun.java.command" value="/Users/mylesmegyesi/Development/file-directory-form-server/target/surefire/surefirebooter675612320891524086.jar /Users/mylesmegyesi/Development/file-directory-form-server/target/surefire/surefire5691606360388963938tmp /Users/mylesmegyesi/Development/file-directory-form-server/target/surefire/surefire5505158552404998636tmp"/>
    <property name="java.specification.vendor" value="Sun Microsystems Inc."/>
    <property name="user.language" value="en"/>
    <property name="awt.toolkit" value="apple.awt.CToolkit"/>
    <property name="java.vm.info" value="mixed mode"/>
    <property name="java.version" value="1.6.0_29"/>
    <property name="java.ext.dirs" value="/Library/Java/Extensions:/System/Library/Java/Extensions:/System/Library/Java/JavaVirtualMachines/1.6.0.jdk/Contents/Home/lib/ext"/>
    <property name="sun.boot.class.path" value="/System/Library/Java/JavaVirtualMachines/1.6.0.jdk/Contents/Classes/jsfd.jar:/System/Library/Java/JavaVirtualMachines/1.6.0.jdk/Contents/Classes/classes.jar:/System/Library/Frameworks/JavaVM.framework/Frameworks/JavaRuntimeSupport.framework/Resources/Java/JavaRuntimeSupport.jar:/System/Library/Java/JavaVirtualMachines/1.6.0.jdk/Contents/Classes/ui.jar:/System/Library/Java/JavaVirtualMachines/1.6.0.jdk/Contents/Classes/laf.jar:/System/Library/Java/JavaVirtualMachines/1.6.0.jdk/Contents/Classes/sunrsasign.jar:/System/Library/Java/JavaVirtualMachines/1.6.0.jdk/Contents/Classes/jsse.jar:/System/Library/Java/JavaVirtualMachines/1.6.0.jdk/Contents/Classes/jce.jar:/System/Library/Java/JavaVirtualMachines/1.6.0.jdk/Contents/Classes/charsets.jar"/>
    <property name="java.vendor" value="Apple Inc."/>
    <property name="localRepository" value="/Users/mylesmegyesi/.m2/repository"/>
    <property name="file.separator" value="/"/>
    <property name="java.vendor.url.bug" value="http://bugreport.apple.com/"/>
    <property name="sun.cpu.endian" value="little"/>
    <property name="sun.io.unicode.encoding" value="UnicodeLittle"/>
    <property name="mrj.version" value="1070.1.6.0_29-402"/>
    <property name="socksNonProxyHosts" value="local|*.local|169.254/16|*.169.254/16"/>
    <property name="ftp.nonProxyHosts" value="local|*.local|169.254/16|*.169.254/16"/>
    <property name="sun.cpu.isalist" value=""/>
  </properties>
  <testcase time="0.004" classname="FileDirectoryFormServer.RequestHandlers.DirectoryTest" name="testCanHandleWhenDirectoryExists"/>
  <testcase time="0.001" classname="FileDirectoryFormServer.RequestHandlers.DirectoryTest" name="testCantHandleWhenDirectoryDoesNotExists"/>
  <testcase time="0" classname="FileDirectoryFormServer.RequestHandlers.DirectoryTest" name="testCantHandleIfIsNotAGetRequest"/>
</testsuite>